Build started 8/15/2016 8:58:49 PM.
     1>Project "C:\Src\MyBase\base\base.vcxproj" on node 2 (Build target(s)).
     1>ClCompile:
         C:\Program Files (x86)\Microsoft Visual Studio 12.0\VC\bin\CL.exe /c /IC:\Src\MyBase\ /ZI /nologo /W3 /WX- /sdl /Od /Oy- /D _DEBUG /D V8_DEPRECATION_WARNINGS /D BLINK_SCALE_FILTERS_AT_RECORD_TIME /D _WIN32_WINNT=0x0602 /D WINVER=0x0602 /D WIN32 /D _WINDOWS /D NOMINMAX /D PSAPI_VERSION=1 /D _CRT_RAND_S /D CERT_CHAIN_PARA_HAS_EXTRA_FIELDS /D WIN32_LEAN_AND_MEAN /D _ATL_NO_OPENGL /D _HAS_EXCEPTIONS=0 /D CHROMIUM_BUILD /D TOOLKIT_VIEWS=1 /D USE_AURA=1 /D USE_ASH=1 /D USE_DEFAULT_RENDER_THEME=1 /D USE_LIBJPEG_TURBO=1 /D USE_MOJO=1 /D ENABLE_ONE_CLICK_SIGNIN /D ENABLE_REMOTING=1 /D ENABLE_WEBRTC=1 /D ENABLE_PEPPER_CDMS /D ENABLE_CONFIGURATION_POLICY /D ENABLE_INPUT_SPEECH /D ENABLE_NOTIFICATIONS /D ENABLE_HIDPI=1 /D ENABLE_EGLIMAGE=1 /D __STD_C /D _CRT_SECURE_NO_DEPRECATE /D _SCL_SECURE_NO_DEPRECATE /D NTDDI_VERSION=0x06020000 /D _USING_V110_SDK71_ /D ENABLE_TASK_MANAGER=1 /D ENABLE_EXTENSIONS=1 /D ENABLE_PLUGIN_INSTALLATION=1 /D ENABLE_PLUGINS=1 /D ENABLE_SESSION_SERVICE=1 /D ENABLE_THEMES=1 /D ENABLE_AUTOFILL_DIALOG=1 /D ENABLE_BACKGROUND=1 /D ENABLE_AUTOMATION=1 /D ENABLE_GOOGLE_NOW=1 /D CLD_VERSION=2 /D ENABLE_FULL_PRINTING=1 /D ENABLE_PRINTING=1 /D ENABLE_SPELLCHECK=1 /D ENABLE_CAPTIVE_PORTAL_DETECTION=1 /D ENABLE_APP_LIST=1 /D ENABLE_SETTINGS_APP=1 /D ENABLE_MANAGED_USERS=1 /D ENABLE_MDNS=1 /D ENABLE_SERVICE_DISCOVERY=1 /D __STDC_CONSTANT_MACROS /D __STDC_FORMAT_MACROS /D BASE_IMPLEMENTATION /D DYNAMIC_ANNOTATIONS_ENABLED=1 /D WTF_USE_DYNAMIC_ANNOTATIONS=1 /D _UNICODE /D UNICODE /Gm /EHsc /RTC1 /MTd /GS /fp:precise /Zc:wchar_t /Zc:forScope /Fo"Debug\\" /Fd"Debug\vc120.pdb" /Gd /TP /wd4996 /wd4244 /wd4018 /wd4251 /analyze- /errorReport:prompt at_exit.cc base_paths.cc base_paths_win.cc base_switches.cc bind_helpers.cc callback_internal.cc command_line.cc cpu.cc debug\alias.cc debug\debugger.cc debug\debugger_win.cc debug\profiler.cc debug\stack_trace.cc debug\stack_trace_win.cc debug\task_annotator.cc debug\trace_event_impl.cc debug\trace_event_impl_constants.cc debug\trace_event_memory.cc debug\trace_event_synthetic_delay.cc debug\trace_event_system_stats_monitor.cc debug\trace_event_win.cc environment.cc files\file.cc files\file_enumerator.cc files\file_enumerator_win.cc files\file_path.cc files\file_path_constants.cc files\file_util.cc files\file_util_win.cc files\file_win.cc json\json_parser.cc json\json_reader.cc json\json_string_value_serializer.cc json\json_writer.cc json\string_escape.cc lazy_instance.cc location.cc logging.cc memory\aligned_memory.cc memory\ref_counted.cc memory\ref_counted_memory.cc memory\singleton.cc memory\weak_ptr.cc message_loop\incoming_task_queue.cc message_loop\message_loop.cc message_loop\message_loop_proxy.cc message_loop\message_loop_proxy_impl.cc message_loop\message_pump.cc message_loop\message_pump_default.cc message_loop\message_pump_win.cc metrics\bucket_ranges.cc metrics\histogram.cc metrics\histogram_base.cc metrics\histogram_samples.cc metrics\sample_map.cc metrics\sample_vector.cc metrics\sparse_histogram.cc metrics\statistics_recorder.cc path_service.cc pending_task.cc pickle.cc process\kill.cc process\kill_win.cc process\launch_win.cc process\memory.cc process\memory_win.cc process\process_handle_win.cc process\process_iterator.cc process\process_iterator_win.cc process\process_metrics.cc process\process_metrics_win.cc profiler\alternate_timer.cc profiler\scoped_profile.cc profiler\tracked_time.cc rand_util.cc rand_util_win.cc run_loop.cc sequenced_task_runner.cc sequence_checker_impl.cc strings\nullable_string16.cc strings\stringprintf.cc strings\string_number_conversions.cc strings\string_piece.cc strings\string_split.cc strings\string_util.cc strings\string_util_constants.cc strings\sys_string_conversions_win.cc strings\utf_string_conversions.cc strings\utf_string_conversion_utils.cc synchronization\cancellation_flag.cc synchronization\condition_variable_win.cc synchronization\lock.cc synchronization\lock_impl_win.cc synchronization\waitable_event_watcher_win.cc synchronization\waitable_event_win.cc sys_info.cc sys_info_win.cc task_runner.cc third_party\dmg_fp\dtoa_wrapper.cc third_party\dmg_fp\g_fmt.cc third_party\icu\icu_utf.cc third_party\nspr\prtime.cc threading\non_thread_safe_impl.cc threading\platform_thread_win.cc threading\post_task_and_reply_impl.cc threading\sequenced_worker_pool.cc threading\simple_thread.cc threading\thread.cc threading\thread_checker_impl.cc threading\thread_collision_warner.cc threading\thread_id_name_manager.cc threading\thread_local_storage.cc threading\thread_local_storage_win.cc threading\thread_local_win.cc threading\thread_restrictions.cc thread_task_runner_handle.cc timer\timer.cc time\time.cc time\time_win.cc tracked_objects.cc tracking_info.cc values.cc vlog.cc win\event_trace_provider.cc win\object_watcher.cc win\pe_image.cc win\registry.cc win\scoped_handle.cc win\scoped_process_information.cc win\startup_information.cc win\windows_version.cc win\wrapped_window_proc.cc
         wrapped_window_proc.cc
         windows_version.cc
         startup_information.cc
         scoped_process_information.cc
         scoped_handle.cc
         registry.cc
         pe_image.cc
         object_watcher.cc
         event_trace_provider.cc
         vlog.cc
         values.cc
         tracking_info.cc
         tracked_objects.cc
         time_win.cc
         time.cc
         timer.cc
         thread_task_runner_handle.cc
         thread_restrictions.cc
         thread_local_win.cc
         thread_local_storage_win.cc
         Generating Code...
         Compiling...
         thread_local_storage.cc
         thread_id_name_manager.cc
         thread_collision_warner.cc
         thread_checker_impl.cc
         thread.cc
         simple_thread.cc
         sequenced_worker_pool.cc
         post_task_and_reply_impl.cc
         platform_thread_win.cc
         non_thread_safe_impl.cc
         prtime.cc
         icu_utf.cc
         g_fmt.cc
         dtoa_wrapper.cc
         task_runner.cc
         sys_info_win.cc
         sys_info.cc
         waitable_event_win.cc
         waitable_event_watcher_win.cc
         lock_impl_win.cc
         Generating Code...
         Compiling...
         lock.cc
         condition_variable_win.cc
         cancellation_flag.cc
         utf_string_conversion_utils.cc
         utf_string_conversions.cc
         sys_string_conversions_win.cc
         string_util_constants.cc
         string_util.cc
         string_split.cc
         string_piece.cc
         string_number_conversions.cc
         stringprintf.cc
         nullable_string16.cc
         sequence_checker_impl.cc
         sequenced_task_runner.cc
         run_loop.cc
         rand_util_win.cc
         rand_util.cc
         tracked_time.cc
         scoped_profile.cc
         Generating Code...
         Compiling...
         alternate_timer.cc
         process_metrics_win.cc
         process_metrics.cc
         process_iterator_win.cc
         process_iterator.cc
         process_handle_win.cc
         memory_win.cc
         memory.cc
         launch_win.cc
         kill_win.cc
         kill.cc
         pickle.cc
         pending_task.cc
         path_service.cc
         statistics_recorder.cc
         sparse_histogram.cc
         sample_vector.cc
         sample_map.cc
         histogram_samples.cc
         histogram_base.cc
         Generating Code...
         Compiling...
         histogram.cc
         bucket_ranges.cc
         message_pump_win.cc
         message_pump_default.cc
         message_pump.cc
         message_loop_proxy_impl.cc
         message_loop_proxy.cc
         message_loop.cc
         incoming_task_queue.cc
         weak_ptr.cc
         singleton.cc
         ref_counted_memory.cc
         ref_counted.cc
         aligned_memory.cc
         logging.cc
         location.cc
         lazy_instance.cc
         string_escape.cc
         json_writer.cc
         json_string_value_serializer.cc
         Generating Code...
         Compiling...
         json_reader.cc
         json_parser.cc
         file_win.cc
         file_util_win.cc
         file_util.cc
         file_path_constants.cc
         file_path.cc
         file_enumerator_win.cc
         file_enumerator.cc
         file.cc
         environment.cc
         trace_event_win.cc
         trace_event_system_stats_monitor.cc
         trace_event_synthetic_delay.cc
         trace_event_memory.cc
         trace_event_impl_constants.cc
         trace_event_impl.cc
         task_annotator.cc
         stack_trace_win.cc
         stack_trace.cc
         Generating Code...
         Compiling...
         profiler.cc
         debugger_win.cc
         debugger.cc
         alias.cc
         cpu.cc
         command_line.cc
         callback_internal.cc
         bind_helpers.cc
         base_switches.cc
         base_paths_win.cc
         base_paths.cc
         at_exit.cc
         Generating Code...
         C:\Program Files (x86)\Microsoft Visual Studio 12.0\VC\bin\CL.exe /c /IC:\Src\MyBase\ /ZI /nologo /W3 /WX- /sdl /Od /Oy- /D _DEBUG /D V8_DEPRECATION_WARNINGS /D BLINK_SCALE_FILTERS_AT_RECORD_TIME /D _WIN32_WINNT=0x0602 /D WINVER=0x0602 /D WIN32 /D _WINDOWS /D NOMINMAX /D PSAPI_VERSION=1 /D _CRT_RAND_S /D CERT_CHAIN_PARA_HAS_EXTRA_FIELDS /D WIN32_LEAN_AND_MEAN /D _ATL_NO_OPENGL /D _HAS_EXCEPTIONS=0 /D CHROMIUM_BUILD /D TOOLKIT_VIEWS=1 /D USE_AURA=1 /D USE_ASH=1 /D USE_DEFAULT_RENDER_THEME=1 /D USE_LIBJPEG_TURBO=1 /D USE_MOJO=1 /D ENABLE_ONE_CLICK_SIGNIN /D ENABLE_REMOTING=1 /D ENABLE_WEBRTC=1 /D ENABLE_PEPPER_CDMS /D ENABLE_CONFIGURATION_POLICY /D ENABLE_INPUT_SPEECH /D ENABLE_NOTIFICATIONS /D ENABLE_HIDPI=1 /D ENABLE_EGLIMAGE=1 /D __STD_C /D _CRT_SECURE_NO_DEPRECATE /D _SCL_SECURE_NO_DEPRECATE /D NTDDI_VERSION=0x06020000 /D _USING_V110_SDK71_ /D ENABLE_TASK_MANAGER=1 /D ENABLE_EXTENSIONS=1 /D ENABLE_PLUGIN_INSTALLATION=1 /D ENABLE_PLUGINS=1 /D ENABLE_SESSION_SERVICE=1 /D ENABLE_THEMES=1 /D ENABLE_AUTOFILL_DIALOG=1 /D ENABLE_BACKGROUND=1 /D ENABLE_AUTOMATION=1 /D ENABLE_GOOGLE_NOW=1 /D CLD_VERSION=2 /D ENABLE_FULL_PRINTING=1 /D ENABLE_PRINTING=1 /D ENABLE_SPELLCHECK=1 /D ENABLE_CAPTIVE_PORTAL_DETECTION=1 /D ENABLE_APP_LIST=1 /D ENABLE_SETTINGS_APP=1 /D ENABLE_MANAGED_USERS=1 /D ENABLE_MDNS=1 /D ENABLE_SERVICE_DISCOVERY=1 /D __STDC_CONSTANT_MACROS /D __STDC_FORMAT_MACROS /D BASE_IMPLEMENTATION /D DYNAMIC_ANNOTATIONS_ENABLED=1 /D WTF_USE_DYNAMIC_ANNOTATIONS=1 /D _UNICODE /D UNICODE /Gm /EHsc /RTC1 /MTd /GS /fp:precise /Zc:wchar_t /Zc:forScope /Fo"Debug\\" /Fd"Debug\vc120.pdb" /Gd /TC /wd4996 /wd4244 /wd4018 /wd4251 /analyze- /errorReport:prompt third_party\dynamic_annotations\dynamic_annotations.c
         dynamic_annotations.c
       Lib:
         C:\Program Files (x86)\Microsoft Visual Studio 12.0\VC\bin\Lib.exe /OUT:"C:\Src\MyBase\Debug\base.lib" /NOLOGO Debug\at_exit.obj
         Debug\base_paths.obj
         Debug\base_paths_win.obj
         Debug\base_switches.obj
         Debug\bind_helpers.obj
         Debug\callback_internal.obj
         Debug\command_line.obj
         Debug\cpu.obj
         Debug\alias.obj
         Debug\debugger.obj
         Debug\debugger_win.obj
         Debug\profiler.obj
         Debug\stack_trace.obj
         Debug\stack_trace_win.obj
         Debug\task_annotator.obj
         Debug\trace_event_impl.obj
         Debug\trace_event_impl_constants.obj
         Debug\trace_event_memory.obj
         Debug\trace_event_synthetic_delay.obj
         Debug\trace_event_system_stats_monitor.obj
         Debug\trace_event_win.obj
         Debug\environment.obj
         Debug\file.obj
         Debug\file_enumerator.obj
         Debug\file_enumerator_win.obj
         Debug\file_path.obj
         Debug\file_path_constants.obj
         Debug\file_util.obj
         Debug\file_util_win.obj
         Debug\file_win.obj
         Debug\json_parser.obj
         Debug\json_reader.obj
         Debug\json_string_value_serializer.obj
         Debug\json_writer.obj
         Debug\string_escape.obj
         Debug\lazy_instance.obj
         Debug\location.obj
         Debug\logging.obj
         Debug\aligned_memory.obj
         Debug\ref_counted.obj
         Debug\ref_counted_memory.obj
         Debug\singleton.obj
         Debug\weak_ptr.obj
         Debug\incoming_task_queue.obj
         Debug\message_loop.obj
         Debug\message_loop_proxy.obj
         Debug\message_loop_proxy_impl.obj
         Debug\message_pump.obj
         Debug\message_pump_default.obj
         Debug\message_pump_win.obj
         Debug\bucket_ranges.obj
         Debug\histogram.obj
         Debug\histogram_base.obj
         Debug\histogram_samples.obj
         Debug\sample_map.obj
         Debug\sample_vector.obj
         Debug\sparse_histogram.obj
         Debug\statistics_recorder.obj
         Debug\path_service.obj
         Debug\pending_task.obj
         Debug\pickle.obj
         Debug\kill.obj
         Debug\kill_win.obj
         Debug\launch_win.obj
         Debug\memory.obj
         Debug\memory_win.obj
         Debug\process_handle_win.obj
         Debug\process_iterator.obj
         Debug\process_iterator_win.obj
         Debug\process_metrics.obj
         Debug\process_metrics_win.obj
         Debug\alternate_timer.obj
         Debug\scoped_profile.obj
         Debug\tracked_time.obj
         Debug\rand_util.obj
         Debug\rand_util_win.obj
         Debug\run_loop.obj
         Debug\sequenced_task_runner.obj
         Debug\sequence_checker_impl.obj
         Debug\nullable_string16.obj
         Debug\stringprintf.obj
         Debug\string_number_conversions.obj
         Debug\string_piece.obj
         Debug\string_split.obj
         Debug\string_util.obj
         Debug\string_util_constants.obj
         Debug\sys_string_conversions_win.obj
         Debug\utf_string_conversions.obj
         Debug\utf_string_conversion_utils.obj
         Debug\cancellation_flag.obj
         Debug\condition_variable_win.obj
         Debug\lock.obj
         Debug\lock_impl_win.obj
         Debug\waitable_event_watcher_win.obj
         Debug\waitable_event_win.obj
         Debug\sys_info.obj
         Debug\sys_info_win.obj
         Debug\task_runner.obj
         Debug\dtoa_wrapper.obj
         Debug\g_fmt.obj
         Debug\dynamic_annotations.obj
         Debug\icu_utf.obj
         Debug\prtime.obj
         Debug\non_thread_safe_impl.obj
         Debug\platform_thread_win.obj
         Debug\post_task_and_reply_impl.obj
         Debug\sequenced_worker_pool.obj
         Debug\simple_thread.obj
         Debug\thread.obj
         Debug\thread_checker_impl.obj
         Debug\thread_collision_warner.obj
         Debug\thread_id_name_manager.obj
         Debug\thread_local_storage.obj
         Debug\thread_local_storage_win.obj
         Debug\thread_local_win.obj
         Debug\thread_restrictions.obj
         Debug\thread_task_runner_handle.obj
         Debug\timer.obj
         Debug\time.obj
         Debug\time_win.obj
         Debug\tracked_objects.obj
         Debug\tracking_info.obj
         Debug\values.obj
         Debug\vlog.obj
         Debug\event_trace_provider.obj
         Debug\object_watcher.obj
         Debug\pe_image.obj
         Debug\registry.obj
         Debug\scoped_handle.obj
         Debug\scoped_process_information.obj
         Debug\startup_information.obj
         Debug\windows_version.obj
         Debug\wrapped_window_proc.obj
         base.vcxproj -> C:\Src\MyBase\Debug\base.lib
     1>Done Building Project "C:\Src\MyBase\base\base.vcxproj" (Build target(s)).

Build succeeded.

Time Elapsed 00:01:11.21
